# JRE version: Java(TM) SE Runtime Environment (8.0_73-b02) (build 1.8.0_73-b02)
# Java VM: Java HotSpot(TM) 64-Bit Server VM (25.73-b02 mixed mode windows-amd64 compressed oops)
Heap:
 PSYoungGen      total 119296K, used 58405K [0x00000000d5f00000, 0x00000000e2300000, 0x0000000100000000)
  eden space 105984K, 55% used [0x00000000d5f00000,0x00000000d9809730,0x00000000dc680000)
  from space 13312K, 0% used [0x00000000dc680000,0x00000000dc680000,0x00000000dd380000)
  to   space 15872K, 0% used [0x00000000e1380000,0x00000000e1380000,0x00000000e2300000)
 ParOldGen       total 92672K, used 20641K [0x0000000081c00000, 0x0000000087680000, 0x00000000d5f00000)
  object space 92672K, 22% used [0x0000000081c00000,0x00000000830285f0,0x0000000087680000)
 Metaspace       used 39442K, capacity 40948K, committed 41088K, reserved 1085440K
  class space    used 4949K, capacity 5237K, committed 5248K, reserved 1048576K
GC Heap History (10 events):
Event: 1.905 GC heap before
{Heap before GC invocations=5 (full 1):
 PSYoungGen      total 71680K, used 5107K [0x00000000d5f00000, 0x00000000daa00000, 0x0000000100000000)
  eden space 66560K, 0% used [0x00000000d5f00000,0x00000000d5f00000,0x00000000da000000)
  from space 5120K, 99% used [0x00000000da500000,0x00000000da9fcc58,0x00000000daa00000)
  to   space 5120K, 0% used [0x00000000da000000,0x00000000da000000,0x00000000da500000)
 ParOldGen       total 87552K, used 5518K [0x0000000081c00000, 0x0000000087180000, 0x00000000d5f00000)
  object space 87552K, 6% used [0x0000000081c00000,0x00000000821639e0,0x0000000087180000)
 Metaspace       used 20660K, capacity 21192K, committed 21248K, reserved 1067008K
  class space    used 2630K, capacity 2807K, committed 2816K, reserved 1048576K
Event: 1.942 GC heap after
Heap after GC invocations=5 (full 1):
 PSYoungGen      total 71680K, used 0K [0x00000000d5f00000, 0x00000000daa00000, 0x0000000100000000)
  eden space 66560K, 0% used [0x00000000d5f00000,0x00000000d5f00000,0x00000000da000000)
  from space 5120K, 0% used [0x00000000da500000,0x00000000da500000,0x00000000daa00000)
  to   space 5120K, 0% used [0x00000000da000000,0x00000000da000000,0x00000000da500000)
 ParOldGen       total 54272K, used 5521K [0x0000000081c00000, 0x0000000085100000, 0x00000000d5f00000)
  object space 54272K, 10% used [0x0000000081c00000,0x00000000821647f0,0x0000000085100000)
 Metaspace       used 20660K, capacity 21192K, committed 21248K, reserved 1067008K
  class space    used 2630K, capacity 2807K, committed 2816K, reserved 1048576K
}
Event: 3.617 GC heap before
{Heap before GC invocations=6 (full 1):
 PSYoungGen      total 71680K, used 66560K [0x00000000d5f00000, 0x00000000daa00000, 0x0000000100000000)
  eden space 66560K, 100% used [0x00000000d5f00000,0x00000000da000000,0x00000000da000000)
  from space 5120K, 0% used [0x00000000da500000,0x00000000da500000,0x00000000daa00000)
  to   space 5120K, 0% used [0x00000000da000000,0x00000000da000000,0x00000000da500000)
 ParOldGen       total 54272K, used 5521K [0x0000000081c00000, 0x0000000085100000, 0x00000000d5f00000)
  object space 54272K, 10% used [0x0000000081c00000,0x00000000821647f0,0x0000000085100000)
 Metaspace       used 27128K, capacity 27942K, committed 28032K, reserved 1073152K
  class space    used 3459K, capacity 3668K, committed 3712K, reserved 1048576K
Event: 3.638 GC heap after
Heap after GC invocations=6 (full 1):
 PSYoungGen      total 71680K, used 5105K [0x00000000d5f00000, 0x00000000dde80000, 0x0000000100000000)
  eden space 66560K, 0% used [0x00000000d5f00000,0x00000000d5f00000,0x00000000da000000)
  from space 5120K, 99% used [0x00000000da000000,0x00000000da4fc6f0,0x00000000da500000)
  to   space 11264K, 0% used [0x00000000dd380000,0x00000000dd380000,0x00000000dde80000)
 ParOldGen       total 54272K, used 11088K [0x0000000081c00000, 0x0000000085100000, 0x00000000d5f00000)
  object space 54272K, 20% used [0x0000000081c00000,0x00000000826d4360,0x0000000085100000)
 Metaspace       used 27128K, capacity 27942K, committed 28032K, reserved 1073152K
  class space    used 3459K, capacity 3668K, committed 3712K, reserved 1048576K
}
Event: 5.374 GC heap before
{Heap before GC invocations=7 (full 1):
 PSYoungGen      total 71680K, used 71665K [0x00000000d5f00000, 0x00000000dde80000, 0x0000000100000000)
  eden space 66560K, 100% used [0x00000000d5f00000,0x00000000da000000,0x00000000da000000)
  from space 5120K, 99% used [0x00000000da000000,0x00000000da4fc6f0,0x00000000da500000)
  to   space 11264K, 0% used [0x00000000dd380000,0x00000000dd380000,0x00000000dde80000)
 ParOldGen       total 54272K, used 11088K [0x0000000081c00000, 0x0000000085100000, 0x00000000d5f00000)
  object space 54272K, 20% used [0x0000000081c00000,0x00000000826d4360,0x0000000085100000)
 Metaspace       used 31536K, capacity 32708K, committed 33024K, reserved 1077248K
  class space    used 3997K, capacity 4227K, committed 4352K, reserved 1048576K
Event: 5.432 GC heap after
Heap after GC invocations=7 (full 1):
 PSYoungGen      total 117248K, used 11241K [0x00000000d5f00000, 0x00000000de280000, 0x0000000100000000)
  eden space 105984K, 0% used [0x00000000d5f00000,0x00000000d5f00000,0x00000000dc680000)
  from space 11264K, 99% used [0x00000000dd380000,0x00000000dde7a668,0x00000000dde80000)
  to   space 13312K, 0% used [0x00000000dc680000,0x00000000dc680000,0x00000000dd380000)
 ParOldGen       total 54272K, used 11470K [0x0000000081c00000, 0x0000000085100000, 0x00000000d5f00000)
  object space 54272K, 21% used [0x0000000081c00000,0x00000000827338c8,0x0000000085100000)
 Metaspace       used 31536K, capacity 32708K, committed 33024K, reserved 1077248K
  class space    used 3997K, capacity 4227K, committed 4352K, reserved 1048576K
}
Event: 7.295 GC heap before
{Heap before GC invocations=8 (full 1):
 PSYoungGen      total 117248K, used 89155K [0x00000000d5f00000, 0x00000000de280000, 0x0000000100000000)
  eden space 105984K, 73% used [0x00000000d5f00000,0x00000000dab16930,0x00000000dc680000)
  from space 11264K, 99% used [0x00000000dd380000,0x00000000dde7a668,0x00000000dde80000)
  to   space 13312K, 0% used [0x00000000dc680000,0x00000000dc680000,0x00000000dd380000)
 ParOldGen       total 54272K, used 11470K [0x0000000081c00000, 0x0000000085100000, 0x00000000d5f00000)
  object space 54272K, 21% used [0x0000000081c00000,0x00000000827338c8,0x0000000085100000)
 Metaspace       used 34047K, capacity 35392K, committed 35416K, reserved 1081344K
  class space    used 4330K, capacity 4607K, committed 4608K, reserved 1048576K
Event: 7.327 GC heap after
Heap after GC invocations=8 (full 1):
 PSYoungGen      total 119296K, used 13298K [0x00000000d5f00000, 0x00000000e2300000, 0x0000000100000000)
  eden space 105984K, 0% used [0x00000000d5f00000,0x00000000d5f00000,0x00000000dc680000)
  from space 13312K, 99% used [0x00000000dc680000,0x00000000dd37cb88,0x00000000dd380000)
  to   space 15872K, 0% used [0x00000000e1380000,0x00000000e1380000,0x00000000e2300000)
 ParOldGen       total 54272K, used 12520K [0x0000000081c00000, 0x0000000085100000, 0x00000000d5f00000)
  object space 54272K, 23% used [0x0000000081c00000,0x000000008283a378,0x0000000085100000)
 Metaspace       used 34047K, capacity 35392K, committed 35416K, reserved 1081344K
  class space    used 4330K, capacity 4607K, committed 4608K, reserved 1048576K
}
Event: 7.327 GC heap before
{Heap before GC invocations=9 (full 2):
 PSYoungGen      total 119296K, used 13298K [0x00000000d5f00000, 0x00000000e2300000, 0x0000000100000000)
  eden space 105984K, 0% used [0x00000000d5f00000,0x00000000d5f00000,0x00000000dc680000)
  from space 13312K, 99% used [0x00000000dc680000,0x00000000dd37cb88,0x00000000dd380000)
  to   space 15872K, 0% used [0x00000000e1380000,0x00000000e1380000,0x00000000e2300000)
 ParOldGen       total 54272K, used 12520K [0x0000000081c00000, 0x0000000085100000, 0x00000000d5f00000)
  object space 54272K, 23% used [0x0000000081c00000,0x000000008283a378,0x0000000085100000)
 Metaspace       used 34047K, capacity 35392K, committed 35416K, reserved 1081344K
  class space    used 4330K, capacity 4607K, committed 4608K, reserved 1048576K
Event: 7.498 GC heap after
Heap after GC invocations=9 (full 2):
 PSYoungGen      total 119296K, used 0K [0x00000000d5f00000, 0x00000000e2300000, 0x0000000100000000)
  eden space 105984K, 0% used [0x00000000d5f00000,0x00000000d5f00000,0x00000000dc680000)
  from space 13312K, 0% used [0x00000000dc680000,0x00000000dc680000,0x00000000dd380000)
  to   space 15872K, 0% used [0x00000000e1380000,0x00000000e1380000,0x00000000e2300000)
 ParOldGen       total 92672K, used 20641K [0x0000000081c00000, 0x0000000087680000, 0x00000000d5f00000)
  object space 92672K, 22% used [0x0000000081c00000,0x00000000830285f0,0x0000000087680000)
 Metaspace       used 34047K, capacity 35392K, committed 35416K, reserved 1081344K
  class space    used 4330K, capacity 4607K, committed 4608K, reserved 1048576K
}

